<?xml version="1.0" encoding="utf-8"?><testsuites name="pytest tests"><testsuite name="pytest" errors="0" failures="0" skipped="0" tests="22" time="2.064" timestamp="2026-06-24T13:37:46.169025+00:00" hostname="agent-env-4850a6cc-9e93-499b-9776-f23f348a0990"><testcase classname="tests.test_vms_api.TestResidents" name="test_list_residents_pagination" time="0.238" /><testcase classname="tests.test_vms_api.TestPasses" name="test_list_passes_summary" time="0.244" /><testcase classname="tests.test_vms_api.TestResidents" name="test_list_residents_search" time="0.045" /><testcase classname="tests.test_vms_api.TestPasses" name="test_passes_status_filter" time="0.049" /><testcase classname="tests.test_vms_api.TestResidents" name="test_filter_status" time="0.056" /><testcase classname="tests.test_vms_api.TestPasses" name="test_passes_range_filter" time="0.055" /><testcase classname="tests.test_vms_api.TestResidents" name="test_create_and_get_resident" time="0.094" /><testcase classname="tests.test_vms_api.TestPasses" name="test_expiring_passes" time="0.047" /><testcase classname="tests.test_vms_api.TestPasses" name="test_create_pass" time="0.133" /><testcase classname="tests.test_vms_api.TestResidents" name="test_create_duplicate_apartment_fails" time="0.092" /><testcase classname="tests.test_vms_api.TestResidents" name="test_toggle_resident" time="0.100" /><testcase classname="tests.test_vms_api.TestPasses" name="test_pass_detail_and_revoke" time="0.333" /><testcase classname="tests.test_vms_api.TestResidents" name="test_residents_min" time="0.046" /><testcase classname="tests.test_vms_api.TestVerification" name="test_verify_invalid_pin" time="0.045" /><testcase classname="tests.test_vms_api.TestVerification" name="test_verify_active_pin_and_approve" time="0.240" /><testcase classname="tests.test_vms_api.TestLogs" name="test_list_logs" time="0.058" /><testcase classname="tests.test_vms_api.TestLogs" name="test_logs_search_and_filter" time="0.048" /><testcase classname="tests.test_vms_api.TestSettings" name="test_get_settings" time="0.047" /><testcase classname="tests.test_vms_api.TestLogs" name="test_logs_export_csv" time="0.058" /><testcase classname="tests.test_vms_api.TestSettings" name="test_update_settings_persists" time="0.150" /><testcase classname="tests.test_vms_api.TestDashboard" name="test_dashboard_kpis" time="0.049" /><testcase classname="tests.test_vms_api.TestReports" name="test_reports" time="0.048" /></testsuite></testsuites>